d:\books\rmit\sem 5\interactive 3d graphics and animation\tuts\tut assets\i3d_2\vs\x64\debug\vc143.pdb
d:\books\rmit\sem 5\interactive 3d graphics and animation\tuts\tut assets\i3d_2\vs\x64\debug\vc143.idb
d:\books\rmit\sem 5\interactive 3d graphics and animation\tuts\tut assets\i3d_2\vs\x64\debug\main.obj
c:\users\dell\desktop\s3806891-asteroid_arcadium\vs\x64\debug\vc143.pdb
c:\users\dell\desktop\s3806891-asteroid_arcadium\vs\x64\debug\vc143.idb
c:\users\dell\desktop\s3806891-asteroid_arcadium\vs\x64\debug\main.obj
c:\users\dell\desktop\asteroid_arcadium_2d\vs\x64\debug\vc143.pdb
c:\users\dell\desktop\asteroid_arcadium_2d\vs\x64\debug\vc143.idb
c:\users\dell\desktop\asteroid_arcadium_2d\vs\x64\debug\main.obj
d:\books\rmit\sem 5\interactive 3d graphics and animation\tuts\tut assets\i3d_2\i3d64dbg.exe
d:\books\rmit\sem 5\interactive 3d graphics and animation\tuts\tut assets\i3d_2\vs\x64\debug\i3d64dbg.ilk
d:\books\rmit\sem 5\interactive 3d graphics and animation\tuts\tut assets\i3d_2\i3d64dbg.pdb
c:\users\dell\desktop\s3806891-asteroid_arcadium\i3d64dbg.exe
c:\users\dell\desktop\s3806891-asteroid_arcadium\vs\x64\debug\i3d64dbg.ilk
c:\users\dell\desktop\s3806891-asteroid_arcadium\i3d64dbg.pdb
c:\users\dell\desktop\asteroid_arcadium_2d\vs\x64\debug\i3d64dbg.ilk
c:\users\dell\desktop\asteroid_arcadium_2d\i3d64dbg.exe
c:\users\dell\desktop\asteroid_arcadium_2d\i3d64dbg.pdb
c:\users\dell\desktop\asteroid_arcadium_2d\vs\x64\debug\main.obj.enc
c:\users\dell\desktop\asteroid_arcadium_2d\vs\\..\i3d64dbg.pdb
c:\users\dell\desktop\asteroid_arcadium_2d\vs\x64\debug\i3d.tlog\cl.command.1.tlog
c:\users\dell\desktop\asteroid_arcadium_2d\vs\x64\debug\i3d.tlog\cl.read.1.tlog
c:\users\dell\desktop\asteroid_arcadium_2d\vs\x64\debug\i3d.tlog\cl.write.1.tlog
c:\users\dell\desktop\asteroid_arcadium_2d\vs\x64\debug\i3d.tlog\link.command.1.tlog
c:\users\dell\desktop\asteroid_arcadium_2d\vs\x64\debug\i3d.tlog\link.read.1.tlog
c:\users\dell\desktop\asteroid_arcadium_2d\vs\x64\debug\i3d.tlog\link.write.1.tlog
